<?xml version="1.0" encoding="UTF-8"?>
<!-- Generated by org.testng.reporters.JUnitReportReporter -->
<testsuite hostname="MWDH-Work2" failures="0" tests="1" name="ass2RelativeXPath.ChromWebDriver" time="22.430" errors="0" timestamp="2022-07-27T02:42:25 AST" skipped="0">
  <testcase classname="ass2RelativeXPath.ChromWebDriver" name="LearnEnglishWebSite" time="22.430"/>
  <system-out/>
</testsuite> <!-- ass2RelativeXPath.ChromWebDriver -->
